Using pre-set license
Desktop is 1366 x 768 @ 60 Hz

 COMMAND LINE ARGUMENTS:
Unity
-adb2
-batchMode
-noUpm
-name
AssetImportWorker0
-projectPath
/home/abel/JvaljerGit/Wall-VR/Project
-logFile
Logs/AssetImportWorker0.log
-srvPort
42723
Successfully changed project path to: /home/abel/JvaljerGit/Wall-VR/Project
/home/abel/JvaljerGit/Wall-VR/Project
Using Asset Import Pipeline V2.
Refreshing native plugins compatible for Editor in 104,98 ms, found 0 plugins.
Preloading 0 native plugins for Editor in 0,00 ms.
Initialize engine version: 2020.3.7f1 (dd97f2c94397)
[Subsystems] Discovering subsystems at path /home/abel/Unity/Hub/Editor/2020.3.7f1/Editor/Data/Resources/UnitySubsystems
[Subsystems] Discovering subsystems at path /home/abel/JvaljerGit/Wall-VR/Project/Assets
GLX Extensions: GLX_ARB_context_flush_control GLX_ARB_create_context GLX_ARB_create_context_no_error GLX_ARB_create_context_profile GLX_ARB_create_context_robustness GLX_ARB_fbconfig_float GLX_ARB_framebuffer_sRGB GLX_ARB_get_proc_address GLX_ARB_multisample GLX_EXT_buffer_age GLX_EXT_create_context_es2_profile GLX_EXT_create_context_es_profile GLX_EXT_fbconfig_packed_float GLX_EXT_framebuffer_sRGB GLX_EXT_no_config_context GLX_EXT_swap_control GLX_EXT_swap_control_tear GLX_EXT_texture_from_pixmap GLX_EXT_visual_info GLX_EXT_visual_rating GLX_MESA_copy_sub_buffer GLX_MESA_query_renderer GLX_MESA_swap_control GLX_OML_swap_method GLX_OML_sync_control GLX_SGIS_multisample GLX_SGIX_fbconfig GLX_SGIX_pbuffer GLX_SGIX_visual_select_group GLX_SGI_make_current_read GLX_SGI_video_sync 
Renderer: Mesa Intel(R) UHD Graphics 605 (GLK 3)
Vendor:   Intel
Version:  4.6 (Core Profile) Mesa 22.2.5-0ubuntu0.1~22.04.3
GLES:     0
 GL_3DFX_texture_compression_FXT1 GL_AMD_conservative_depth GL_AMD_depth_clamp_separate GL_AMD_draw_buffers_blend GL_AMD_gpu_shader_int64 GL_AMD_multi_draw_indirect GL_AMD_performance_monitor GL_AMD_query_buffer_object GL_AMD_seamless_cubemap_per_texture GL_AMD_shader_stencil_export GL_AMD_shader_trinary_minmax GL_AMD_texture_texture4 GL_AMD_vertex_shader_layer GL_AMD_vertex_shader_viewport_index GL_ANGLE_texture_compression_dxt3 GL_ANGLE_texture_compression_dxt5 GL_ARB_ES2_compatibility GL_ARB_ES3_1_compatibility GL_ARB_ES3_2_compatibility GL_ARB_ES3_compatibility GL_ARB_arrays_of_arrays GL_ARB_base_instance GL_ARB_blend_func_extended GL_ARB_buffer_storage GL_ARB_clear_buffer_object GL_ARB_clear_texture GL_ARB_clip_control GL_ARB_compressed_texture_pixel_storage GL_ARB_compute_shader GL_ARB_compute_variable_group_size GL_ARB_conditional_render_inverted GL_ARB_conservative_depth GL_ARB_copy_buffer GL_ARB_copy_image GL_ARB_cull_distance GL_ARB_debug_output GL_ARB_depth_buffer_float GL_ARB_depth_clamp GL_ARB_d
erivative_control GL_ARB_direct_state_access GL_ARB_draw_buffers GL_ARB_draw_buffers_blend GL_ARB_draw_elements_base_vertex GL_ARB_draw_indirect GL_ARB_draw_instanced GL_ARB_enhanced_layouts GL_ARB_explicit_attrib_location GL_ARB_explicit_uniform_location GL_ARB_fragment_coord_conventions GL_ARB_fragment_layer_viewport GL_ARB_fragment_shader GL_ARB_fragment_shader_interlock GL_ARB_framebuffer_no_attachments GL_ARB_framebuffer_object GL_ARB_framebuffer_sRGB GL_ARB_get_program_binary GL_ARB_get_texture_sub_image GL_ARB_gl_spirv GL_ARB_gpu_shader5 GL_ARB_gpu_shader_fp64 GL_ARB_gpu_shader_int64 GL_ARB_half_float_pixel GL_ARB_half_float_vertex GL_ARB_indirect_parameters GL_ARB_instanced_arrays GL_ARB_internalformat_query GL_ARB_internalformat_query2 GL_ARB_invalidate_subdata GL_ARB_map_buffer_alignment GL_ARB_map_buffer_range GL_ARB_multi_bind GL_ARB_multi_draw_indirect GL_ARB_occlusion_query2 GL_ARB_parallel_shader_compile GL_ARB_pipeline_statistics_query GL_ARB_pixel_buffer_object GL_ARB_point_sprite GL_ARB_pol
ygon_offset_clamp GL_ARB_post_depth_coverage GL_ARB_program_interface_query GL_ARB_provoking_vertex GL_ARB_query_buffer_object GL_ARB_robust_buffer_access_behavior GL_ARB_robustness GL_ARB_sample_shading GL_ARB_sampler_objects GL_ARB_seamless_cube_map GL_ARB_seamless_cubemap_per_texture GL_ARB_separate_shader_objects GL_ARB_shader_atomic_counter_ops GL_ARB_shader_atomic_counters GL_ARB_shader_ballot GL_ARB_shader_bit_encoding GL_ARB_shader_clock GL_ARB_shader_draw_parameters GL_ARB_shader_group_vote GL_ARB_shader_image_load_store GL_ARB_shader_image_size GL_ARB_shader_objects GL_ARB_shader_precision GL_ARB_shader_stencil_export GL_ARB_shader_storage_buffer_object GL_ARB_shader_subroutine GL_ARB_shader_texture_image_samples GL_ARB_shader_texture_lod GL_ARB_shader_viewport_layer_array GL_ARB_shading_language_420pack GL_ARB_shading_language_include GL_ARB_shading_language_packing GL_ARB_spirv_extensions GL_ARB_stencil_texturing GL_ARB_sync GL_ARB_tessellation_shader GL_ARB_texture_barrier GL_ARB_texture_buffer_
object GL_ARB_texture_buffer_object_rgb32 GL_ARB_texture_buffer_range GL_ARB_texture_compression_bptc GL_ARB_texture_compression_rgtc GL_ARB_texture_cube_map_array GL_ARB_texture_filter_anisotropic GL_ARB_texture_float GL_ARB_texture_gather GL_ARB_texture_mirror_clamp_to_edge GL_ARB_texture_multisample GL_ARB_texture_non_power_of_two GL_ARB_texture_query_levels GL_ARB_texture_query_lod GL_ARB_texture_rectangle GL_ARB_texture_rg GL_ARB_texture_rgb10_a2ui GL_ARB_texture_stencil8 GL_ARB_texture_storage GL_ARB_texture_storage_multisample GL_ARB_texture_swizzle GL_ARB_texture_view GL_ARB_timer_query GL_ARB_transform_feedback2 GL_ARB_transform_feedback3 GL_ARB_transform_feedback_instanced GL_ARB_transform_feedback_overflow_query GL_ARB_uniform_buffer_object GL_ARB_vertex_array_bgra GL_ARB_vertex_array_object GL_ARB_vertex_attrib_64bit GL_ARB_vertex_attrib_binding GL_ARB_vertex_buffer_object GL_ARB_vertex_shader GL_ARB_vertex_type_10f_11f_11f_rev GL_ARB_vertex_type_2_10_10_10_rev GL_ARB_viewport_array GL_ATI_blend_
equation_separate GL_ATI_texture_float GL_EXT_EGL_image_storage GL_EXT_EGL_sync GL_EXT_abgr GL_EXT_blend_equation_separate GL_EXT_demote_to_helper_invocation GL_EXT_draw_buffers2 GL_EXT_draw_instanced GL_EXT_framebuffer_blit GL_EXT_framebuffer_multisample GL_EXT_framebuffer_multisample_blit_scaled GL_EXT_framebuffer_object GL_EXT_framebuffer_sRGB GL_EXT_memory_object GL_EXT_memory_object_fd GL_EXT_packed_depth_stencil GL_EXT_packed_float GL_EXT_pixel_buffer_object GL_EXT_polygon_offset_clamp GL_EXT_provoking_vertex GL_EXT_semaphore GL_EXT_semaphore_fd GL_EXT_shader_framebuffer_fetch GL_EXT_shader_framebuffer_fetch_non_coherent GL_EXT_shader_integer_mix GL_EXT_shader_samples_identical GL_EXT_texture_array GL_EXT_texture_compression_dxt1 GL_EXT_texture_compression_rgtc GL_EXT_texture_compression_s3tc GL_EXT_texture_filter_anisotropic GL_EXT_texture_integer GL_EXT_texture_sRGB GL_EXT_texture_sRGB_R8 GL_EXT_texture_sRGB_decode GL_EXT_texture_shadow_lod GL_EXT_texture_shared_exponent GL_EXT_texture_snorm GL_EXT_t
exture_swizzle GL_EXT_timer_query GL_EXT_transform_feedback GL_EXT_vertex_array_bgra GL_EXT_vertex_attrib_64bit GL_IBM_multimode_draw_arrays GL_INTEL_blackhole_render GL_INTEL_conservative_rasterization GL_INTEL_performance_query GL_INTEL_shader_atomic_float_minmax GL_INTEL_shader_integer_functions2 GL_KHR_blend_equation_advanced GL_KHR_blend_equation_advanced_coherent GL_KHR_context_flush_control GL_KHR_debug GL_KHR_no_error GL_KHR_parallel_shader_compile GL_KHR_robust_buffer_access_behavior GL_KHR_robustness GL_KHR_texture_compression_astc_ldr GL_KHR_texture_compression_astc_sliced_3d GL_MESA_framebuffer_flip_y GL_MESA_pack_invert GL_MESA_shader_integer_functions GL_MESA_texture_signed_rgba GL_NV_compute_shader_derivatives GL_NV_conditional_render GL_NV_copy_image GL_NV_depth_clamp GL_NV_fragment_shader_interlock GL_NV_packed_depth_stencil GL_NV_texture_barrier GL_OES_EGL_image GL_S3_s3tc
OPENGL LOG: Creating OpenGL 4.6 graphics device ; Context level  <OpenGL 4.5> ; Context handle -966502016
Initialize mono
Mono path[0] = '/home/abel/Unity/Hub/Editor/2020.3.7f1/Editor/Data/Managed'
Mono path[1] = '/home/abel/Unity/Hub/Editor/2020.3.7f1/Editor/Data/MonoBleedingEdge/lib/mono/unityjit'
Mono config path = '/home/abel/Unity/Hub/Editor/2020.3.7f1/Editor/Data/MonoBleedingEdge/etc'
Using monoOptions --debugger-agent=transport=dt_socket,embedding=1,server=y,suspend=n,address=127.0.0.1:56706
Begin MonoManager ReloadAssembly
Registering precompiled unity dll's ...
Register platform support module: /home/abel/Unity/Hub/Editor/2020.3.7f1/Editor/Data/PlaybackEngines/WindowsStandaloneSupport/UnityEditor.WindowsStandalone.Extensions.dll
Register platform support module: /home/abel/Unity/Hub/Editor/2020.3.7f1/Editor/Data/PlaybackEngines/LinuxStandaloneSupport/UnityEditor.LinuxStandalone.Extensions.dll
Registered in 0,004143 seconds.
Native extension for LinuxStandalone target not found
Native extension for WindowsStandalone target not found
Refreshing native plugins compatible for Editor in 99,40 ms, found 0 plugins.
Preloading 0 native plugins for Editor in 0,00 ms.
Mono: successfully reloaded assembly
- Completed reload, in  2,935 seconds
Platform modules already initialized, skipping
Registering precompiled user dll's ...
Registered in 0,010910 seconds.
Begin MonoManager ReloadAssembly
Native extension for LinuxStandalone target not found
Native extension for WindowsStandalone target not found
Refreshing native plugins compatible for Editor in 103,29 ms, found 0 plugins.
Preloading 0 native plugins for Editor in 0,00 ms.
Mono: successfully reloaded assembly
- Completed reload, in  2,663 seconds
Platform modules already initialized, skipping
========================================================================
Worker process is ready to serve import requests
Launched and connected shader compiler UnityShaderCompiler after 0.02 seconds
Refreshing native plugins compatible for Editor in 1,40 ms, found 0 plugins.
Preloading 0 native plugins for Editor in 0,00 ms.
Unloading 2516 Unused Serialized files (Serialized files now loaded: 0)
System memory in use before: 107,3 MB.
System memory in use after: 107,3 MB.

Unloading 35 unused Assets to reduce memory usage. Loaded Objects now: 2955.
Total: 7,195260 ms (FindLiveObjects: 0,861198 ms CreateObjectMapping: 0,210095 ms MarkObjects: 5,572346 ms  DeleteObjects: 0,547132 ms)

========================================================================
Received Import Request.
  path: Assets/Resources/Circle.prefab
  artifactKey: Guid(3affb4c37f93b4b43890e64e51d5af55) Importer(815301076,1909f56bfc062723c751e8b465ee728b)
Start importing Assets/Resources/Circle.prefab using Guid(3affb4c37f93b4b43890e64e51d5af55) Importer(815301076,1909f56bfc062723c751e8b465ee728b)  -> (artifact id: '78fcdc80c3e898d4a06c565ef73a5595') in 0,224645 seconds
  Import took 0,235329 seconds .

========================================================================
Received Import Request.
  Time since last request: 0,000441 seconds.
  path: Assets/Resources/Wall Participant.prefab
  artifactKey: Guid(534d7ea80c29878559764aad452e4d86) Importer(815301076,1909f56bfc062723c751e8b465ee728b)
Start importing Assets/Resources/Wall Participant.prefab using Guid(534d7ea80c29878559764aad452e4d86) Importer(815301076,1909f56bfc062723c751e8b465ee728b)  -> (artifact id: '26562f804d85fdfd146fb090a292ea36') in 0,005710 seconds
  Import took 0,013838 seconds .

========================================================================
Received Import Request.
  Time since last request: 0,000366 seconds.
  path: Assets/Resources/VR Participant.prefab
  artifactKey: Guid(bb808d0289d00d2ec82e0b710e4cffcd) Importer(815301076,1909f56bfc062723c751e8b465ee728b)
Start importing Assets/Resources/VR Participant.prefab using Guid(bb808d0289d00d2ec82e0b710e4cffcd) Importer(815301076,1909f56bfc062723c751e8b465ee728b)  -> (artifact id: 'cd89b0d7dbcf5034299cbfa469a1d7f2') in 0,004972 seconds
  Import took 0,015794 seconds .

========================================================================
Received Import Request.
  Time since last request: 0,000521 seconds.
  path: Assets/Resources/Cursor Prefab.prefab
  artifactKey: Guid(002a10e7c2c05134a82fb5aeb8d024d8) Importer(815301076,1909f56bfc062723c751e8b465ee728b)
Start importing Assets/Resources/Cursor Prefab.prefab using Guid(002a10e7c2c05134a82fb5aeb8d024d8) Importer(815301076,1909f56bfc062723c751e8b465ee728b)  -> (artifact id: 'ea202338c3e9a50e4e5ad3e76605712c') in 0,014200 seconds
  Import took 0,022476 seconds .

========================================================================
Received Import Request.
  Time since last request: 0,000326 seconds.
  path: Assets/Resources/Controler Model.prefab
  artifactKey: Guid(ed99e503de14a9241ba31fb23524c031) Importer(815301076,1909f56bfc062723c751e8b465ee728b)
Start importing Assets/Resources/Controler Model.prefab using Guid(ed99e503de14a9241ba31fb23524c031) Importer(815301076,1909f56bfc062723c751e8b465ee728b)  -> (artifact id: '7e34c227e5186b5d0774c1e10a2dab1e') in 0,017116 seconds
  Import took 0,024343 seconds .

========================================================================
Received Import Request.
  Time since last request: 0,000388 seconds.
  path: Assets/Resources/Operator.prefab
  artifactKey: Guid(2b9b0561d51300d8b815b03cd9a18f59) Importer(815301076,1909f56bfc062723c751e8b465ee728b)
Start importing Assets/Resources/Operator.prefab using Guid(2b9b0561d51300d8b815b03cd9a18f59) Importer(815301076,1909f56bfc062723c751e8b465ee728b)  -> (artifact id: '2d29cb5cafd80718c4378b50c98188bd') in 0,008071 seconds
  Import took 0,017630 seconds .

========================================================================
Received Import Request.
  Time since last request: 0,001095 seconds.
  path: Assets/Resources/Dixit Card.prefab
  artifactKey: Guid(45a88a407ea9e084c821ace0d462bb52) Importer(815301076,1909f56bfc062723c751e8b465ee728b)
Start importing Assets/Resources/Dixit Card.prefab using Guid(45a88a407ea9e084c821ace0d462bb52) Importer(815301076,1909f56bfc062723c751e8b465ee728b)  -> (artifact id: '90147630c6080c8fdef977cda973c8bd') in 0,028043 seconds
  Import took 0,041098 seconds .

========================================================================
Received Import Request.
  Time since last request: 0,717646 seconds.
  path: Assets/Resources/Dixit Card.prefab
  artifactKey: Guid(45a88a407ea9e084c821ace0d462bb52) Importer(815301076,1909f56bfc062723c751e8b465ee728b)
Start importing Assets/Resources/Dixit Card.prefab using Guid(45a88a407ea9e084c821ace0d462bb52) Importer(815301076,1909f56bfc062723c751e8b465ee728b)  -> (artifact id: 'bd18a4a8f1af603a666e355df9bbbcf8') in 0,179423 seconds
  Import took 0,187653 seconds .

========================================================================
Received Prepare
Registering precompiled user dll's ...
Registered in 0,007843 seconds.
Begin MonoManager ReloadAssembly
Native extension for LinuxStandalone target not found
Native extension for WindowsStandalone target not found
Refreshing native plugins compatible for Editor in 1,52 ms, found 0 plugins.
Preloading 0 native plugins for Editor in 0,00 ms.
Mono: successfully reloaded assembly
- Completed reload, in  1,905 seconds
Platform modules already initialized, skipping
Refreshing native plugins compatible for Editor in 1,43 ms, found 0 plugins.
Preloading 0 native plugins for Editor in 0,00 ms.
Unloading 2502 Unused Serialized files (Serialized files now loaded: 0)
System memory in use before: 106,9 MB.
System memory in use after: 107,0 MB.

Unloading 27 unused Assets to reduce memory usage. Loaded Objects now: 2970.
Total: 7,017031 ms (FindLiveObjects: 0,827022 ms CreateObjectMapping: 0,138283 ms MarkObjects: 5,842389 ms  DeleteObjects: 0,205819 ms)

========================================================================
Received Prepare
Registering precompiled user dll's ...
Registered in 0,008047 seconds.
Begin MonoManager ReloadAssembly
Native extension for LinuxStandalone target not found
Native extension for WindowsStandalone target not found
Refreshing native plugins compatible for Editor in 1,48 ms, found 0 plugins.
Preloading 0 native plugins for Editor in 0,00 ms.
Mono: successfully reloaded assembly
- Completed reload, in  1,866 seconds
Platform modules already initialized, skipping
Refreshing native plugins compatible for Editor in 1,45 ms, found 0 plugins.
Preloading 0 native plugins for Editor in 0,00 ms.
Unloading 2502 Unused Serialized files (Serialized files now loaded: 0)
System memory in use before: 106,9 MB.
System memory in use after: 107,0 MB.

Unloading 27 unused Assets to reduce memory usage. Loaded Objects now: 2975.
Total: 7,358391 ms (FindLiveObjects: 0,855324 ms CreateObjectMapping: 0,144014 ms MarkObjects: 6,007178 ms  DeleteObjects: 0,347852 ms)

========================================================================
Received Prepare
Registering precompiled user dll's ...
Registered in 0,007976 seconds.
Begin MonoManager ReloadAssembly
Native extension for LinuxStandalone target not found
Native extension for WindowsStandalone target not found
Refreshing native plugins compatible for Editor in 1,51 ms, found 0 plugins.
Preloading 0 native plugins for Editor in 0,00 ms.
Mono: successfully reloaded assembly
- Completed reload, in  1,892 seconds
Platform modules already initialized, skipping
Refreshing native plugins compatible for Editor in 1,93 ms, found 0 plugins.
Preloading 0 native plugins for Editor in 0,00 ms.
Unloading 2502 Unused Serialized files (Serialized files now loaded: 0)
System memory in use before: 107,0 MB.
System memory in use after: 107,1 MB.

Unloading 27 unused Assets to reduce memory usage. Loaded Objects now: 2980.
Total: 8,294984 ms (FindLiveObjects: 0,821645 ms CreateObjectMapping: 0,192599 ms MarkObjects: 6,899103 ms  DeleteObjects: 0,378824 ms)

========================================================================
Received Prepare
Registering precompiled user dll's ...
Registered in 0,007710 seconds.
Begin MonoManager ReloadAssembly
Native extension for LinuxStandalone target not found
Native extension for WindowsStandalone target not found
Refreshing native plugins compatible for Editor in 1,40 ms, found 0 plugins.
Preloading 0 native plugins for Editor in 0,00 ms.
Mono: successfully reloaded assembly
- Completed reload, in  2,066 seconds
Platform modules already initialized, skipping
Refreshing native plugins compatible for Editor in 1,52 ms, found 0 plugins.
Preloading 0 native plugins for Editor in 0,00 ms.
Unloading 2502 Unused Serialized files (Serialized files now loaded: 0)
System memory in use before: 107,0 MB.
System memory in use after: 107,1 MB.

Unloading 27 unused Assets to reduce memory usage. Loaded Objects now: 2985.
Total: 7,518178 ms (FindLiveObjects: 0,763480 ms CreateObjectMapping: 0,161605 ms MarkObjects: 6,222835 ms  DeleteObjects: 0,367497 ms)

========================================================================
Received Prepare
Registering precompiled user dll's ...
Registered in 0,008055 seconds.
Begin MonoManager ReloadAssembly
Native extension for LinuxStandalone target not found
Native extension for WindowsStandalone target not found
Refreshing native plugins compatible for Editor in 1,52 ms, found 0 plugins.
Preloading 0 native plugins for Editor in 0,00 ms.
Mono: successfully reloaded assembly
- Completed reload, in  1,871 seconds
Platform modules already initialized, skipping
Refreshing native plugins compatible for Editor in 1,54 ms, found 0 plugins.
Preloading 0 native plugins for Editor in 0,00 ms.
Unloading 2502 Unused Serialized files (Serialized files now loaded: 0)
System memory in use before: 106,9 MB.
System memory in use after: 107,0 MB.

Unloading 27 unused Assets to reduce memory usage. Loaded Objects now: 2990.
Total: 7,860104 ms (FindLiveObjects: 0,815962 ms CreateObjectMapping: 0,167170 ms MarkObjects: 6,509885 ms  DeleteObjects: 0,364534 ms)

========================================================================
Received Prepare
Registering precompiled user dll's ...
Registered in 0,007816 seconds.
Begin MonoManager ReloadAssembly
Native extension for LinuxStandalone target not found
Native extension for WindowsStandalone target not found
Refreshing native plugins compatible for Editor in 1,41 ms, found 0 plugins.
Preloading 0 native plugins for Editor in 0,00 ms.
Mono: successfully reloaded assembly
- Completed reload, in  1,844 seconds
Platform modules already initialized, skipping
Refreshing native plugins compatible for Editor in 1,44 ms, found 0 plugins.
Preloading 0 native plugins for Editor in 0,00 ms.
Unloading 2502 Unused Serialized files (Serialized files now loaded: 0)
System memory in use before: 107,0 MB.
System memory in use after: 107,1 MB.

Unloading 27 unused Assets to reduce memory usage. Loaded Objects now: 2995.
Total: 8,235471 ms (FindLiveObjects: 0,817681 ms CreateObjectMapping: 0,169757 ms MarkObjects: 6,856500 ms  DeleteObjects: 0,388662 ms)

========================================================================
Received Prepare
Registering precompiled user dll's ...
Registered in 0,008130 seconds.
Begin MonoManager ReloadAssembly
Native extension for LinuxStandalone target not found
Native extension for WindowsStandalone target not found
Refreshing native plugins compatible for Editor in 1,47 ms, found 0 plugins.
Preloading 0 native plugins for Editor in 0,00 ms.
Mono: successfully reloaded assembly
- Completed reload, in  1,894 seconds
Platform modules already initialized, skipping
Refreshing native plugins compatible for Editor in 1,42 ms, found 0 plugins.
Preloading 0 native plugins for Editor in 0,00 ms.
Unloading 2502 Unused Serialized files (Serialized files now loaded: 0)
System memory in use before: 107,0 MB.
System memory in use after: 107,1 MB.

Unloading 27 unused Assets to reduce memory usage. Loaded Objects now: 3000.
Total: 11,094583 ms (FindLiveObjects: 0,824625 ms CreateObjectMapping: 0,136401 ms MarkObjects: 9,714456 ms  DeleteObjects: 0,415709 ms)

========================================================================
Received Prepare
Registering precompiled user dll's ...
Registered in 0,007800 seconds.
Begin MonoManager ReloadAssembly
Native extension for LinuxStandalone target not found
Native extension for WindowsStandalone target not found
Refreshing native plugins compatible for Editor in 1,51 ms, found 0 plugins.
Preloading 0 native plugins for Editor in 0,00 ms.
Mono: successfully reloaded assembly
- Completed reload, in  1,875 seconds
Platform modules already initialized, skipping
Refreshing native plugins compatible for Editor in 1,50 ms, found 0 plugins.
Preloading 0 native plugins for Editor in 0,00 ms.
Unloading 2502 Unused Serialized files (Serialized files now loaded: 0)
System memory in use before: 107,0 MB.
System memory in use after: 107,1 MB.

Unloading 27 unused Assets to reduce memory usage. Loaded Objects now: 3005.
Total: 8,065318 ms (FindLiveObjects: 0,781555 ms CreateObjectMapping: 0,144116 ms MarkObjects: 6,709300 ms  DeleteObjects: 0,427943 ms)

========================================================================
Received Prepare
Registering precompiled user dll's ...
Registered in 0,007916 seconds.
Begin MonoManager ReloadAssembly
Native extension for LinuxStandalone target not found
Native extension for WindowsStandalone target not found
Refreshing native plugins compatible for Editor in 1,50 ms, found 0 plugins.
Preloading 0 native plugins for Editor in 0,00 ms.
Mono: successfully reloaded assembly
- Completed reload, in  1,866 seconds
Platform modules already initialized, skipping
Refreshing native plugins compatible for Editor in 1,44 ms, found 0 plugins.
Preloading 0 native plugins for Editor in 0,00 ms.
Unloading 2502 Unused Serialized files (Serialized files now loaded: 0)
System memory in use before: 107,0 MB.
System memory in use after: 107,1 MB.

Unloading 27 unused Assets to reduce memory usage. Loaded Objects now: 3010.
Total: 8,231968 ms (FindLiveObjects: 0,846096 ms CreateObjectMapping: 0,135289 ms MarkObjects: 6,822241 ms  DeleteObjects: 0,424751 ms)

========================================================================
Received Prepare
Registering precompiled user dll's ...
Registered in 0,008366 seconds.
Begin MonoManager ReloadAssembly
Native extension for LinuxStandalone target not found
Native extension for WindowsStandalone target not found
Refreshing native plugins compatible for Editor in 1,51 ms, found 0 plugins.
Preloading 0 native plugins for Editor in 0,00 ms.
Mono: successfully reloaded assembly
- Completed reload, in  1,837 seconds
Platform modules already initialized, skipping
Refreshing native plugins compatible for Editor in 1,34 ms, found 0 plugins.
Preloading 0 native plugins for Editor in 0,00 ms.
Unloading 2502 Unused Serialized files (Serialized files now loaded: 0)
System memory in use before: 107,0 MB.
System memory in use after: 107,1 MB.

Unloading 27 unused Assets to reduce memory usage. Loaded Objects now: 3015.
Total: 7,818315 ms (FindLiveObjects: 0,866379 ms CreateObjectMapping: 0,124425 ms MarkObjects: 6,410809 ms  DeleteObjects: 0,413536 ms)

AssetImportWorkerClient::OnTransportError - code=2 error=End of file
