Using pre-set license
Desktop is 3286 x 1080 @ 60 Hz

 COMMAND LINE ARGUMENTS:
Unity
-adb2
-batchMode
-noUpm
-name
AssetImportWorker1
-projectPath
/home/abel/JvaljerGit/Wall-VR/Project
-logFile
Logs/AssetImportWorker1.log
-srvPort
40873
Successfully changed project path to: /home/abel/JvaljerGit/Wall-VR/Project
/home/abel/JvaljerGit/Wall-VR/Project
Using Asset Import Pipeline V2.
Refreshing native plugins compatible for Editor in 92,45 ms, found 0 plugins.
Preloading 0 native plugins for Editor in 0,00 ms.
Initialize engine version: 2020.3.7f1 (dd97f2c94397)
[Subsystems] Discovering subsystems at path /home/abel/Unity/Hub/Editor/2020.3.7f1/Editor/Data/Resources/UnitySubsystems
[Subsystems] Discovering subsystems at path /home/abel/JvaljerGit/Wall-VR/Project/Assets
GLX Extensions: GLX_ARB_context_flush_control GLX_ARB_create_context GLX_ARB_create_context_no_error GLX_ARB_create_context_profile GLX_ARB_create_context_robustness GLX_ARB_fbconfig_float GLX_ARB_framebuffer_sRGB GLX_ARB_get_proc_address GLX_ARB_multisample GLX_EXT_buffer_age GLX_EXT_create_context_es2_profile GLX_EXT_create_context_es_profile GLX_EXT_fbconfig_packed_float GLX_EXT_framebuffer_sRGB GLX_EXT_no_config_context GLX_EXT_swap_control GLX_EXT_swap_control_tear GLX_EXT_texture_from_pixmap GLX_EXT_visual_info GLX_EXT_visual_rating GLX_MESA_copy_sub_buffer GLX_MESA_query_renderer GLX_MESA_swap_control GLX_OML_swap_method GLX_OML_sync_control GLX_SGIS_multisample GLX_SGIX_fbconfig GLX_SGIX_pbuffer GLX_SGIX_visual_select_group GLX_SGI_make_current_read GLX_SGI_video_sync 
Renderer: Mesa Intel(R) UHD Graphics 605 (GLK 3)
Vendor:   Intel
Version:  4.6 (Core Profile) Mesa 22.2.5
GLES:     0
 GL_3DFX_texture_compression_FXT1 GL_AMD_conservative_depth GL_AMD_depth_clamp_separate GL_AMD_draw_buffers_blend GL_AMD_gpu_shader_int64 GL_AMD_multi_draw_indirect GL_AMD_performance_monitor GL_AMD_query_buffer_object GL_AMD_seamless_cubemap_per_texture GL_AMD_shader_stencil_export GL_AMD_shader_trinary_minmax GL_AMD_texture_texture4 GL_AMD_vertex_shader_layer GL_AMD_vertex_shader_viewport_index GL_ANGLE_texture_compression_dxt3 GL_ANGLE_texture_compression_dxt5 GL_ARB_ES2_compatibility GL_ARB_ES3_1_compatibility GL_ARB_ES3_2_compatibility GL_ARB_ES3_compatibility GL_ARB_arrays_of_arrays GL_ARB_base_instance GL_ARB_blend_func_extended GL_ARB_buffer_storage GL_ARB_clear_buffer_object GL_ARB_clear_texture GL_ARB_clip_control GL_ARB_compressed_texture_pixel_storage GL_ARB_compute_shader GL_ARB_compute_variable_group_size GL_ARB_conditional_render_inverted GL_ARB_conservative_depth GL_ARB_copy_buffer GL_ARB_copy_image GL_ARB_cull_distance GL_ARB_debug_output GL_ARB_depth_buffer_float GL_ARB_depth_clamp GL_ARB_d
erivative_control GL_ARB_direct_state_access GL_ARB_draw_buffers GL_ARB_draw_buffers_blend GL_ARB_draw_elements_base_vertex GL_ARB_draw_indirect GL_ARB_draw_instanced GL_ARB_enhanced_layouts GL_ARB_explicit_attrib_location GL_ARB_explicit_uniform_location GL_ARB_fragment_coord_conventions GL_ARB_fragment_layer_viewport GL_ARB_fragment_shader GL_ARB_fragment_shader_interlock GL_ARB_framebuffer_no_attachments GL_ARB_framebuffer_object GL_ARB_framebuffer_sRGB GL_ARB_get_program_binary GL_ARB_get_texture_sub_image GL_ARB_gl_spirv GL_ARB_gpu_shader5 GL_ARB_gpu_shader_fp64 GL_ARB_gpu_shader_int64 GL_ARB_half_float_pixel GL_ARB_half_float_vertex GL_ARB_indirect_parameters GL_ARB_instanced_arrays GL_ARB_internalformat_query GL_ARB_internalformat_query2 GL_ARB_invalidate_subdata GL_ARB_map_buffer_alignment GL_ARB_map_buffer_range GL_ARB_multi_bind GL_ARB_multi_draw_indirect GL_ARB_occlusion_query2 GL_ARB_parallel_shader_compile GL_ARB_pipeline_statistics_query GL_ARB_pixel_buffer_object GL_ARB_point_sprite GL_ARB_pol
ygon_offset_clamp GL_ARB_post_depth_coverage GL_ARB_program_interface_query GL_ARB_provoking_vertex GL_ARB_query_buffer_object GL_ARB_robust_buffer_access_behavior GL_ARB_robustness GL_ARB_sample_shading GL_ARB_sampler_objects GL_ARB_seamless_cube_map GL_ARB_seamless_cubemap_per_texture GL_ARB_separate_shader_objects GL_ARB_shader_atomic_counter_ops GL_ARB_shader_atomic_counters GL_ARB_shader_ballot GL_ARB_shader_bit_encoding GL_ARB_shader_clock GL_ARB_shader_draw_parameters GL_ARB_shader_group_vote GL_ARB_shader_image_load_store GL_ARB_shader_image_size GL_ARB_shader_objects GL_ARB_shader_precision GL_ARB_shader_stencil_export GL_ARB_shader_storage_buffer_object GL_ARB_shader_subroutine GL_ARB_shader_texture_image_samples GL_ARB_shader_texture_lod GL_ARB_shader_viewport_layer_array GL_ARB_shading_language_420pack GL_ARB_shading_language_include GL_ARB_shading_language_packing GL_ARB_spirv_extensions GL_ARB_stencil_texturing GL_ARB_sync GL_ARB_tessellation_shader GL_ARB_texture_barrier GL_ARB_texture_buffer_
object GL_ARB_texture_buffer_object_rgb32 GL_ARB_texture_buffer_range GL_ARB_texture_compression_bptc GL_ARB_texture_compression_rgtc GL_ARB_texture_cube_map_array GL_ARB_texture_filter_anisotropic GL_ARB_texture_float GL_ARB_texture_gather GL_ARB_texture_mirror_clamp_to_edge GL_ARB_texture_multisample GL_ARB_texture_non_power_of_two GL_ARB_texture_query_levels GL_ARB_texture_query_lod GL_ARB_texture_rectangle GL_ARB_texture_rg GL_ARB_texture_rgb10_a2ui GL_ARB_texture_stencil8 GL_ARB_texture_storage GL_ARB_texture_storage_multisample GL_ARB_texture_swizzle GL_ARB_texture_view GL_ARB_timer_query GL_ARB_transform_feedback2 GL_ARB_transform_feedback3 GL_ARB_transform_feedback_instanced GL_ARB_transform_feedback_overflow_query GL_ARB_uniform_buffer_object GL_ARB_vertex_array_bgra GL_ARB_vertex_array_object GL_ARB_vertex_attrib_64bit GL_ARB_vertex_attrib_binding GL_ARB_vertex_buffer_object GL_ARB_vertex_shader GL_ARB_vertex_type_10f_11f_11f_rev GL_ARB_vertex_type_2_10_10_10_rev GL_ARB_viewport_array GL_ATI_blend_
equation_separate GL_ATI_texture_float GL_EXT_EGL_image_storage GL_EXT_EGL_sync GL_EXT_abgr GL_EXT_blend_equation_separate GL_EXT_demote_to_helper_invocation GL_EXT_draw_buffers2 GL_EXT_draw_instanced GL_EXT_framebuffer_blit GL_EXT_framebuffer_multisample GL_EXT_framebuffer_multisample_blit_scaled GL_EXT_framebuffer_object GL_EXT_framebuffer_sRGB GL_EXT_memory_object GL_EXT_memory_object_fd GL_EXT_packed_depth_stencil GL_EXT_packed_float GL_EXT_pixel_buffer_object GL_EXT_polygon_offset_clamp GL_EXT_provoking_vertex GL_EXT_semaphore GL_EXT_semaphore_fd GL_EXT_shader_framebuffer_fetch GL_EXT_shader_framebuffer_fetch_non_coherent GL_EXT_shader_integer_mix GL_EXT_shader_samples_identical GL_EXT_texture_array GL_EXT_texture_compression_dxt1 GL_EXT_texture_compression_rgtc GL_EXT_texture_compression_s3tc GL_EXT_texture_filter_anisotropic GL_EXT_texture_integer GL_EXT_texture_sRGB GL_EXT_texture_sRGB_R8 GL_EXT_texture_sRGB_decode GL_EXT_texture_shadow_lod GL_EXT_texture_shared_exponent GL_EXT_texture_snorm GL_EXT_t
exture_swizzle GL_EXT_timer_query GL_EXT_transform_feedback GL_EXT_vertex_array_bgra GL_EXT_vertex_attrib_64bit GL_IBM_multimode_draw_arrays GL_INTEL_blackhole_render GL_INTEL_conservative_rasterization GL_INTEL_performance_query GL_INTEL_shader_atomic_float_minmax GL_INTEL_shader_integer_functions2 GL_KHR_blend_equation_advanced GL_KHR_blend_equation_advanced_coherent GL_KHR_context_flush_control GL_KHR_debug GL_KHR_no_error GL_KHR_parallel_shader_compile GL_KHR_robust_buffer_access_behavior GL_KHR_robustness GL_KHR_texture_compression_astc_ldr GL_KHR_texture_compression_astc_sliced_3d GL_MESA_framebuffer_flip_y GL_MESA_pack_invert GL_MESA_shader_integer_functions GL_MESA_texture_signed_rgba GL_NV_compute_shader_derivatives GL_NV_conditional_render GL_NV_copy_image GL_NV_depth_clamp GL_NV_fragment_shader_interlock GL_NV_packed_depth_stencil GL_NV_texture_barrier GL_OES_EGL_image GL_S3_s3tc
OPENGL LOG: Creating OpenGL 4.6 graphics device ; Context level  <OpenGL 4.5> ; Context handle 1582267904
Initialize mono
Mono path[0] = '/home/abel/Unity/Hub/Editor/2020.3.7f1/Editor/Data/Managed'
Mono path[1] = '/home/abel/Unity/Hub/Editor/2020.3.7f1/Editor/Data/MonoBleedingEdge/lib/mono/unityjit'
Mono config path = '/home/abel/Unity/Hub/Editor/2020.3.7f1/Editor/Data/MonoBleedingEdge/etc'
Using monoOptions --debugger-agent=transport=dt_socket,embedding=1,server=y,suspend=n,address=127.0.0.1:56356
Begin MonoManager ReloadAssembly
Registering precompiled unity dll's ...
Register platform support module: /home/abel/Unity/Hub/Editor/2020.3.7f1/Editor/Data/PlaybackEngines/WindowsStandaloneSupport/UnityEditor.WindowsStandalone.Extensions.dll
Register platform support module: /home/abel/Unity/Hub/Editor/2020.3.7f1/Editor/Data/PlaybackEngines/LinuxStandaloneSupport/UnityEditor.LinuxStandalone.Extensions.dll
Registered in 0,003365 seconds.
Native extension for LinuxStandalone target not found
Native extension for WindowsStandalone target not found
Refreshing native plugins compatible for Editor in 96,71 ms, found 0 plugins.
Preloading 0 native plugins for Editor in 0,00 ms.
Mono: successfully reloaded assembly
- Completed reload, in  2,837 seconds
Platform modules already initialized, skipping
Registering precompiled user dll's ...
Registered in 0,008549 seconds.
Begin MonoManager ReloadAssembly
Native extension for LinuxStandalone target not found
Native extension for WindowsStandalone target not found
Refreshing native plugins compatible for Editor in 94,21 ms, found 0 plugins.
Preloading 0 native plugins for Editor in 0,00 ms.
Mono: successfully reloaded assembly
- Completed reload, in  2,344 seconds
Platform modules already initialized, skipping
========================================================================
Worker process is ready to serve import requests
Launched and connected shader compiler UnityShaderCompiler after 0.02 seconds
Refreshing native plugins compatible for Editor in 1,40 ms, found 0 plugins.
Preloading 0 native plugins for Editor in 0,00 ms.
Unloading 2474 Unused Serialized files (Serialized files now loaded: 0)
System memory in use before: 105,8 MB.
System memory in use after: 105,9 MB.

Unloading 36 unused Assets to reduce memory usage. Loaded Objects now: 2902.
Total: 6,876508 ms (FindLiveObjects: 0,800451 ms CreateObjectMapping: 0,194327 ms MarkObjects: 5,301502 ms  DeleteObjects: 0,576817 ms)

========================================================================
Received Import Request.
  path: Assets/XRI/Settings/Resources/InteractionLayerSettings.asset
  artifactKey: Guid(095c14f70c0ab8f0fac4a5d4923b812f) Importer(815301076,1909f56bfc062723c751e8b465ee728b)
Start importing Assets/XRI/Settings/Resources/InteractionLayerSettings.asset using Guid(095c14f70c0ab8f0fac4a5d4923b812f) Importer(815301076,1909f56bfc062723c751e8b465ee728b)  -> (artifact id: '2ca9c9afd8149796ece146d8b432da42') in 0,035456 seconds
  Import took 0,045274 seconds .

========================================================================
Received Import Request.
  Time since last request: 0,000391 seconds.
  path: Assets/XRI/Settings/Resources/XRDeviceSimulatorSettings.asset
  artifactKey: Guid(1c07d0b7325a9e8ed8f0377efde619e2) Importer(815301076,1909f56bfc062723c751e8b465ee728b)
Start importing Assets/XRI/Settings/Resources/XRDeviceSimulatorSettings.asset using Guid(1c07d0b7325a9e8ed8f0377efde619e2) Importer(815301076,1909f56bfc062723c751e8b465ee728b)  -> (artifact id: '3a1f5b83445140f3df3f3de26ced5dce') in 0,004056 seconds
  Import took 0,012023 seconds .

========================================================================
Received Import Request.
  Time since last request: 0,000341 seconds.
  path: Assets/XR/Settings
  artifactKey: Guid(447aee86d2b224b408aaf1c4f00fe2fa) Importer(815301076,1909f56bfc062723c751e8b465ee728b)
Start importing Assets/XR/Settings using Guid(447aee86d2b224b408aaf1c4f00fe2fa) Importer(815301076,1909f56bfc062723c751e8b465ee728b)  -> (artifact id: 'fbdc353d38ec6c3d9f7c5c098490734a') in 0,002824 seconds
  Import took 0,010634 seconds .

========================================================================
Received Import Request.
  Time since last request: 0,000465 seconds.
  path: Assets/XR/Loaders/Open XR Loader No Pre Init.asset
  artifactKey: Guid(8226cb5f029757aaaad202ae7931ff2a) Importer(815301076,1909f56bfc062723c751e8b465ee728b)
Start importing Assets/XR/Loaders/Open XR Loader No Pre Init.asset using Guid(8226cb5f029757aaaad202ae7931ff2a) Importer(815301076,1909f56bfc062723c751e8b465ee728b) Fallback handler could not load library /home/abel/Unity/Hub/Editor/2020.3.7f1/Editor/Data/Mono/lib/libUnityOpenXR
Fallback handler could not load library /home/abel/Unity/Hub/Editor/2020.3.7f1/Editor/Data/Mono/lib/libUnityOpenXR.so
Fallback handler could not load library /home/abel/Unity/Hub/Editor/2020.3.7f1/Editor/Data/Mono/lib/UnityOpenXR
Fallback handler could not load library /home/abel/Unity/Hub/Editor/2020.3.7f1/Editor/Data/Mono/lib/libUnityOpenXR
Fallback handler could not load library /home/abel/Unity/Hub/Editor/2020.3.7f1/Editor/Data/Mono/lib/libUnityOpenXR.so
Fallback handler could not load library /home/abel/Unity/Hub/Editor/2020.3.7f1/Editor/Data/Mono/lib/libUnityOpenXR
 -> (artifact id: 'bce386c95eebc89fa67177bed6c520e5') in 0,007440 seconds
  Import took 0,014939 seconds .

========================================================================
Received Import Request.
  Time since last request: 0,000386 seconds.
  path: Assets/XR/Loaders/Open XR Loader.asset
  artifactKey: Guid(252a18f1aad4c2940b8b5ae4ca8f008a) Importer(815301076,1909f56bfc062723c751e8b465ee728b)
Start importing Assets/XR/Loaders/Open XR Loader.asset using Guid(252a18f1aad4c2940b8b5ae4ca8f008a) Importer(815301076,1909f56bfc062723c751e8b465ee728b)  -> (artifact id: 'c42c10c53fad794cba9ed91362a2323f') in 0,002954 seconds
  Import took 0,010615 seconds .

========================================================================
Received Import Request.
  Time since last request: 0,000371 seconds.
  path: Assets/XRI/Settings/Resources
  artifactKey: Guid(f3ed0c6a78eee4b89bb9f91ab360c5de) Importer(815301076,1909f56bfc062723c751e8b465ee728b)
Start importing Assets/XRI/Settings/Resources using Guid(f3ed0c6a78eee4b89bb9f91ab360c5de) Importer(815301076,1909f56bfc062723c751e8b465ee728b)  -> (artifact id: '67119eaa5a5fb97c734617a25be6e15c') in 0,001651 seconds
  Import took 0,008614 seconds .

========================================================================
Received Import Request.
  Time since last request: 0,000335 seconds.
  path: Assets/XR/Settings/Open XR Package Settings.asset
  artifactKey: Guid(1efabe8e3daba5f868331f6e0ed5eb88) Importer(815301076,1909f56bfc062723c751e8b465ee728b)
Start importing Assets/XR/Settings/Open XR Package Settings.asset using Guid(1efabe8e3daba5f868331f6e0ed5eb88) Importer(815301076,1909f56bfc062723c751e8b465ee728b)  -> (artifact id: 'a284b8fd5f593aa4a806d9b990164be9') in 0,003006 seconds
  Import took 0,010448 seconds .

========================================================================
Received Import Request.
  Time since last request: 0,000364 seconds.
  path: Assets/XRI/Settings/XRInteractionEditorSettings.asset
  artifactKey: Guid(78c9a11b92eeccd42b59f0cbd35475b6) Importer(815301076,1909f56bfc062723c751e8b465ee728b)
Start importing Assets/XRI/Settings/XRInteractionEditorSettings.asset using Guid(78c9a11b92eeccd42b59f0cbd35475b6) Importer(815301076,1909f56bfc062723c751e8b465ee728b)  -> (artifact id: '912f8e4e5ef102ac92c4d6b7e26324a6') in 0,003609 seconds
  Import took 0,010639 seconds .

========================================================================
Received Import Request.
  Time since last request: 0,000029 seconds.
  path: Assets/XR/Loaders
  artifactKey: Guid(b2f7853cf2ef107bf9d00f34afd9051f) Importer(815301076,1909f56bfc062723c751e8b465ee728b)
Start importing Assets/XR/Loaders using Guid(b2f7853cf2ef107bf9d00f34afd9051f) Importer(815301076,1909f56bfc062723c751e8b465ee728b)  -> (artifact id: '346348b9c23e9f85161938afedca511e') in 0,001840 seconds
  Import took 0,010897 seconds .

========================================================================
Received Import Request.
  Time since last request: 5,008770 seconds.
  path: Packages/com.unity.xr.openxr/package.json
  artifactKey: Guid(763acfe7f0d8c4ac9a7bc96e08f0face) Importer(815301076,1909f56bfc062723c751e8b465ee728b)
Start importing Packages/com.unity.xr.openxr/package.json using Guid(763acfe7f0d8c4ac9a7bc96e08f0face) Importer(815301076,1909f56bfc062723c751e8b465ee728b)  -> (artifact id: 'b8691a1647bca911debce4f5e365983c') in 0,003415 seconds
  Import took 0,012953 seconds .

========================================================================
Received Import Request.
  Time since last request: 3,521143 seconds.
  path: Packages/com.unity.xr.interaction.toolkit/package.json
  artifactKey: Guid(fac9fb4ad804244e0911f21e340a3d5b) Importer(815301076,1909f56bfc062723c751e8b465ee728b)
Start importing Packages/com.unity.xr.interaction.toolkit/package.json using Guid(fac9fb4ad804244e0911f21e340a3d5b) Importer(815301076,1909f56bfc062723c751e8b465ee728b)  -> (artifact id: '2fcb0c472dab2c44637dd89c4d947dab') in 0,004144 seconds
  Import took 0,015351 seconds .

========================================================================
Received Import Request.
  Time since last request: 3,149354 seconds.
  path: Packages/com.unity.xr.management/package.json
  artifactKey: Guid(a8437ae6df3ab4de78c661f8e1148bbb) Importer(815301076,1909f56bfc062723c751e8b465ee728b)
Start importing Packages/com.unity.xr.management/package.json using Guid(a8437ae6df3ab4de78c661f8e1148bbb) Importer(815301076,1909f56bfc062723c751e8b465ee728b)  -> (artifact id: 'e001db93f9e9079e04b3d3e4e11ff4a5') in 0,033234 seconds
  Import took 0,047823 seconds .

========================================================================
Received Import Request.
  Time since last request: 2,649414 seconds.
  path: Packages/com.unity.xr.legacyinputhelpers/package.json
  artifactKey: Guid(d16ab7e2b2998ad4c9729d86bb9aa666) Importer(815301076,1909f56bfc062723c751e8b465ee728b)
Start importing Packages/com.unity.xr.legacyinputhelpers/package.json using Guid(d16ab7e2b2998ad4c9729d86bb9aa666) Importer(815301076,1909f56bfc062723c751e8b465ee728b)  -> (artifact id: 'cec236a72c8a2e2c71197999d995f669') in 0,004014 seconds
  Import took 0,014279 seconds .

========================================================================
Received Import Request.
  Time since last request: 0,017645 seconds.
  path: Packages/com.unity.xr.legacyinputhelpers/package.json
  artifactKey: Guid(d16ab7e2b2998ad4c9729d86bb9aa666) Importer(815301076,1909f56bfc062723c751e8b465ee728b)
Start importing Packages/com.unity.xr.legacyinputhelpers/package.json using Guid(d16ab7e2b2998ad4c9729d86bb9aa666) Importer(815301076,1909f56bfc062723c751e8b465ee728b)  -> (artifact id: 'cec236a72c8a2e2c71197999d995f669') in 0,003834 seconds
  Import took 0,013404 seconds .

========================================================================
Received Import Request.
  Time since last request: 1,179763 seconds.
  path: Packages/com.unity.xr.core-utils/package.json
  artifactKey: Guid(4caaaba15559d47f7b3f773241c999af) Importer(815301076,1909f56bfc062723c751e8b465ee728b)
Start importing Packages/com.unity.xr.core-utils/package.json using Guid(4caaaba15559d47f7b3f773241c999af) Importer(815301076,1909f56bfc062723c751e8b465ee728b)  -> (artifact id: '38111affb17260c53d38ac54231c0b0f') in 0,004171 seconds
  Import took 0,062700 seconds .

========================================================================
Received Import Request.
  Time since last request: 3,039090 seconds.
  path: Packages/com.unity.ugui/package.json
  artifactKey: Guid(319b8889f363f5947acf209c17a94149) Importer(815301076,1909f56bfc062723c751e8b465ee728b)
Start importing Packages/com.unity.ugui/package.json using Guid(319b8889f363f5947acf209c17a94149) Importer(815301076,1909f56bfc062723c751e8b465ee728b)  -> (artifact id: '59383b76c83b906e3f5fbe1c2521dcea') in 0,002975 seconds
  Import took 0,012261 seconds .

========================================================================
Received Import Request.
  Time since last request: 5,070545 seconds.
  path: Packages/com.unity.xr.openxr/Tests
  artifactKey: Guid(dc710e17ed34044488ef99237fc04b80) Importer(815301076,1909f56bfc062723c751e8b465ee728b)
Start importing Packages/com.unity.xr.openxr/Tests using Guid(dc710e17ed34044488ef99237fc04b80) Importer(815301076,1909f56bfc062723c751e8b465ee728b)  -> (artifact id: '27e5eb6310d4fbad9dac413efbb48b3b') in 0,002378 seconds
  Import took 0,040554 seconds .

========================================================================
Received Import Request.
  Time since last request: 1,579315 seconds.
  path: Packages/com.unity.mathematics/package.json
  artifactKey: Guid(d34d0af25c21141a98c0cf3c0066444f) Importer(815301076,1909f56bfc062723c751e8b465ee728b)
Start importing Packages/com.unity.mathematics/package.json using Guid(d34d0af25c21141a98c0cf3c0066444f) Importer(815301076,1909f56bfc062723c751e8b465ee728b)  -> (artifact id: 'be2b112339deaa9f2622f89151c023e2') in 0,002410 seconds
  Import took 0,009417 seconds .

========================================================================
Received Import Request.
  Time since last request: 0,413683 seconds.
  path: Packages/com.unity.inputsystem/package.json
  artifactKey: Guid(f0e14ea80f96b445f97b1c83650d5733) Importer(815301076,1909f56bfc062723c751e8b465ee728b)
Start importing Packages/com.unity.inputsystem/package.json using Guid(f0e14ea80f96b445f97b1c83650d5733) Importer(815301076,1909f56bfc062723c751e8b465ee728b)  -> (artifact id: 'e12796e46fa1984844427e34e0f24558') in 0,043106 seconds
  Import took 0,050140 seconds .

========================================================================
Received Import Request.
  Time since last request: 0,458467 seconds.
  path: Packages/com.unity.ext.nunit/package.json
  artifactKey: Guid(8143d3a8390f2c64685e3bc272bd9e90) Importer(815301076,1909f56bfc062723c751e8b465ee728b)
Start importing Packages/com.unity.ext.nunit/package.json using Guid(8143d3a8390f2c64685e3bc272bd9e90) Importer(815301076,1909f56bfc062723c751e8b465ee728b)  -> (artifact id: 'a07b9abecd3c2de54dfcd64c9cdfc737') in 0,039042 seconds
  Import took 0,046965 seconds .

========================================================================
Received Import Request.
  Time since last request: 61,181991 seconds.
  path: Assets/Scenes/Gate(Base).unity
  artifactKey: Guid(9fc0d4010bbf28b4594072e72b8655ab) Importer(815301076,1909f56bfc062723c751e8b465ee728b)
Start importing Assets/Scenes/Gate(Base).unity using Guid(9fc0d4010bbf28b4594072e72b8655ab) Importer(815301076,1909f56bfc062723c751e8b465ee728b)  -> (artifact id: '6020db89ad592a60f09547452e15013b') in 0,002907 seconds
  Import took 0,051989 seconds .

========================================================================
Received Prepare
Registering precompiled user dll's ...
Registered in 0,014996 seconds.
Begin MonoManager ReloadAssembly
Native extension for LinuxStandalone target not found
Native extension for WindowsStandalone target not found
Refreshing native plugins compatible for Editor in 1,41 ms, found 0 plugins.
Preloading 0 native plugins for Editor in 0,00 ms.
Mono: successfully reloaded assembly
- Completed reload, in  1,814 seconds
Platform modules already initialized, skipping
Refreshing native plugins compatible for Editor in 1,40 ms, found 0 plugins.
Preloading 0 native plugins for Editor in 0,00 ms.
Unloading 2463 Unused Serialized files (Serialized files now loaded: 0)
System memory in use before: 105,4 MB.
System memory in use after: 105,5 MB.

Unloading 30 unused Assets to reduce memory usage. Loaded Objects now: 2908.
Total: 6,618846 ms (FindLiveObjects: 0,827847 ms CreateObjectMapping: 0,151031 ms MarkObjects: 5,352292 ms  DeleteObjects: 0,283872 ms)

========================================================================
Received Import Request.
  Time since last request: 111,084713 seconds.
  path: Assets/Scenes/Wall.unity
  artifactKey: Guid(7d780831c00a2e2d2883da3f4ee6b209) Importer(815301076,1909f56bfc062723c751e8b465ee728b)
Start importing Assets/Scenes/Wall.unity using Guid(7d780831c00a2e2d2883da3f4ee6b209) Importer(815301076,1909f56bfc062723c751e8b465ee728b)  -> (artifact id: 'b4add8d6a9365d1065bfa82c85a26f05') in 0,027574 seconds
  Import took 0,036133 seconds .

========================================================================
Received Prepare
Registering precompiled user dll's ...
Registered in 0,007932 seconds.
Begin MonoManager ReloadAssembly
Native extension for LinuxStandalone target not found
Native extension for WindowsStandalone target not found
Refreshing native plugins compatible for Editor in 1,40 ms, found 0 plugins.
Preloading 0 native plugins for Editor in 0,00 ms.
Mono: successfully reloaded assembly
- Completed reload, in  1,794 seconds
Platform modules already initialized, skipping
Refreshing native plugins compatible for Editor in 1,35 ms, found 0 plugins.
Preloading 0 native plugins for Editor in 0,00 ms.
Unloading 2463 Unused Serialized files (Serialized files now loaded: 0)
System memory in use before: 105,5 MB.
System memory in use after: 105,6 MB.

Unloading 28 unused Assets to reduce memory usage. Loaded Objects now: 2914.
Total: 6,739872 ms (FindLiveObjects: 0,814797 ms CreateObjectMapping: 0,133136 ms MarkObjects: 5,408946 ms  DeleteObjects: 0,379146 ms)

========================================================================
Received Prepare
Registering precompiled user dll's ...
Registered in 0,007784 seconds.
Begin MonoManager ReloadAssembly
Native extension for LinuxStandalone target not found
Native extension for WindowsStandalone target not found
Refreshing native plugins compatible for Editor in 1,42 ms, found 0 plugins.
Preloading 0 native plugins for Editor in 0,00 ms.
Mono: successfully reloaded assembly
- Completed reload, in  1,779 seconds
Platform modules already initialized, skipping
Refreshing native plugins compatible for Editor in 1,42 ms, found 0 plugins.
Preloading 0 native plugins for Editor in 0,00 ms.
Unloading 2464 Unused Serialized files (Serialized files now loaded: 0)
System memory in use before: 105,5 MB.
System memory in use after: 105,6 MB.

Unloading 28 unused Assets to reduce memory usage. Loaded Objects now: 2920.
Total: 6,613937 ms (FindLiveObjects: 0,815041 ms CreateObjectMapping: 0,131689 ms MarkObjects: 5,285218 ms  DeleteObjects: 0,377829 ms)

========================================================================
Received Import Request.
  Time since last request: 54,128454 seconds.
  path: Assets/Scenes/VR.unity
  artifactKey: Guid(749da597b2d372879ae481a4bf1abe9b) Importer(815301076,1909f56bfc062723c751e8b465ee728b)
Start importing Assets/Scenes/VR.unity using Guid(749da597b2d372879ae481a4bf1abe9b) Importer(815301076,1909f56bfc062723c751e8b465ee728b)  -> (artifact id: '3097d3d125b5f62b20fa9e3e6f917486') in 0,026776 seconds
  Import took 0,034046 seconds .

========================================================================
Received Import Request.
  Time since last request: 17,031016 seconds.
  path: Assets
  artifactKey: Guid(00000000000000001000000000000000) Importer(815301076,1909f56bfc062723c751e8b465ee728b)
Start importing Assets using Guid(00000000000000001000000000000000) Importer(815301076,1909f56bfc062723c751e8b465ee728b)  -> (artifact id: '5f6a1853b736837ecfb0820a881449cb') in 0,001886 seconds
  Import took 0,009913 seconds .

========================================================================
Received Import Request.
  Time since last request: 6,353572 seconds.
  path: Assets/Resources
  artifactKey: Guid(184a70ca114a9aa3f918f35126bd765d) Importer(815301076,1909f56bfc062723c751e8b465ee728b)
Start importing Assets/Resources using Guid(184a70ca114a9aa3f918f35126bd765d) Importer(815301076,1909f56bfc062723c751e8b465ee728b)  -> (artifact id: 'a2878b04e43b3863760ee5dae5a916f9') in 0,002400 seconds
  Import took 0,010848 seconds .

========================================================================
Received Import Request.
  Time since last request: 174,680526 seconds.
  path: Assets/Resources/New Prefab.prefab
  artifactKey: Guid(2b9b0561d51300d8b815b03cd9a18f59) Importer(815301076,1909f56bfc062723c751e8b465ee728b)
Start importing Assets/Resources/New Prefab.prefab using Guid(2b9b0561d51300d8b815b03cd9a18f59) Importer(815301076,1909f56bfc062723c751e8b465ee728b)  -> (artifact id: '13db60e38b9a46011c7c510b9be05def') in 0,048730 seconds
  Import took 0,061546 seconds .

========================================================================
Received Import Request.
  Time since last request: 6,935039 seconds.
  path: Assets/Resources/Operator.prefab
  artifactKey: Guid(2b9b0561d51300d8b815b03cd9a18f59) Importer(815301076,1909f56bfc062723c751e8b465ee728b)
Start importing Assets/Resources/Operator.prefab using Guid(2b9b0561d51300d8b815b03cd9a18f59) Importer(815301076,1909f56bfc062723c751e8b465ee728b)  -> (artifact id: '65239c63a4cb01fc362527ce767e0432') in 0,005810 seconds
  Import took 0,014515 seconds .

========================================================================
Received Import Request.
  Time since last request: 11,718121 seconds.
  path: Assets/Resources/Operator.prefab
  artifactKey: Guid(2b9b0561d51300d8b815b03cd9a18f59) Importer(815301076,1909f56bfc062723c751e8b465ee728b)
Start importing Assets/Resources/Operator.prefab using Guid(2b9b0561d51300d8b815b03cd9a18f59) Importer(815301076,1909f56bfc062723c751e8b465ee728b)  -> (artifact id: 'f02d351da2ac7adcdc7ab585a6205210') in 0,009591 seconds
  Import took 0,020667 seconds .

========================================================================
Received Import Request.
  Time since last request: 0,022758 seconds.
  path: Assets/Resources/Operator.prefab
  artifactKey: Guid(2b9b0561d51300d8b815b03cd9a18f59) Importer(815301076,1909f56bfc062723c751e8b465ee728b)
Start importing Assets/Resources/Operator.prefab using Guid(2b9b0561d51300d8b815b03cd9a18f59) Importer(815301076,1909f56bfc062723c751e8b465ee728b)  -> (artifact id: 'f02d351da2ac7adcdc7ab585a6205210') in 0,005894 seconds
  Import took 0,014471 seconds .

========================================================================
Received Prepare
Registering precompiled user dll's ...
Registered in 0,007507 seconds.
Begin MonoManager ReloadAssembly
Native extension for LinuxStandalone target not found
Native extension for WindowsStandalone target not found
Refreshing native plugins compatible for Editor in 1,43 ms, found 0 plugins.
Preloading 0 native plugins for Editor in 0,00 ms.
Mono: successfully reloaded assembly
- Completed reload, in  1,781 seconds
Platform modules already initialized, skipping
Refreshing native plugins compatible for Editor in 1,39 ms, found 0 plugins.
Preloading 0 native plugins for Editor in 0,00 ms.
Unloading 2465 Unused Serialized files (Serialized files now loaded: 0)
System memory in use before: 105,6 MB.
System memory in use after: 105,7 MB.

Unloading 28 unused Assets to reduce memory usage. Loaded Objects now: 2926.
Total: 6,999703 ms (FindLiveObjects: 0,812753 ms CreateObjectMapping: 0,133149 ms MarkObjects: 5,641627 ms  DeleteObjects: 0,408272 ms)

========================================================================
Received Import Request.
  Time since last request: 19,363936 seconds.
  path: Assets/Resources/Operator.prefab
  artifactKey: Guid(2b9b0561d51300d8b815b03cd9a18f59) Importer(815301076,1909f56bfc062723c751e8b465ee728b)
Start importing Assets/Resources/Operator.prefab using Guid(2b9b0561d51300d8b815b03cd9a18f59) Importer(815301076,1909f56bfc062723c751e8b465ee728b)  -> (artifact id: 'fbc5ab273e3d4805966c7ed8cb0114bd') in 0,051476 seconds
  Import took 0,058569 seconds .

========================================================================
Received Prepare
Registering precompiled user dll's ...
Registered in 0,007680 seconds.
Begin MonoManager ReloadAssembly
Native extension for LinuxStandalone target not found
Native extension for WindowsStandalone target not found
Refreshing native plugins compatible for Editor in 1,42 ms, found 0 plugins.
Preloading 0 native plugins for Editor in 0,00 ms.
Mono: successfully reloaded assembly
- Completed reload, in  1,802 seconds
Platform modules already initialized, skipping
Refreshing native plugins compatible for Editor in 1,46 ms, found 0 plugins.
Preloading 0 native plugins for Editor in 0,00 ms.
Unloading 2466 Unused Serialized files (Serialized files now loaded: 0)
System memory in use before: 105,5 MB.
System memory in use after: 105,6 MB.

Unloading 28 unused Assets to reduce memory usage. Loaded Objects now: 2932.
Total: 7,064125 ms (FindLiveObjects: 0,843136 ms CreateObjectMapping: 0,143357 ms MarkObjects: 5,652483 ms  DeleteObjects: 0,422004 ms)

========================================================================
Received Import Request.
  Time since last request: 22,159588 seconds.
  path: Assets/Resources/Operator.prefab
  artifactKey: Guid(2b9b0561d51300d8b815b03cd9a18f59) Importer(815301076,1909f56bfc062723c751e8b465ee728b)
Start importing Assets/Resources/Operator.prefab using Guid(2b9b0561d51300d8b815b03cd9a18f59) Importer(815301076,1909f56bfc062723c751e8b465ee728b)  -> (artifact id: 'c56683e5becbf33b80ecd7a308f310a8') in 0,051127 seconds
  Import took 0,057975 seconds .

========================================================================
Received Prepare
Registering precompiled user dll's ...
Registered in 0,008099 seconds.
Begin MonoManager ReloadAssembly
Native extension for LinuxStandalone target not found
Native extension for WindowsStandalone target not found
Refreshing native plugins compatible for Editor in 1,48 ms, found 0 plugins.
Preloading 0 native plugins for Editor in 0,00 ms.
Mono: successfully reloaded assembly
- Completed reload, in  1,830 seconds
Platform modules already initialized, skipping
Refreshing native plugins compatible for Editor in 1,39 ms, found 0 plugins.
Preloading 0 native plugins for Editor in 0,00 ms.
Unloading 2467 Unused Serialized files (Serialized files now loaded: 0)
System memory in use before: 105,7 MB.
System memory in use after: 105,7 MB.

Unloading 28 unused Assets to reduce memory usage. Loaded Objects now: 2938.
Total: 7,447173 ms (FindLiveObjects: 0,816742 ms CreateObjectMapping: 0,135095 ms MarkObjects: 6,062173 ms  DeleteObjects: 0,429603 ms)

========================================================================
Received Import Request.
  Time since last request: 435,438451 seconds.
  path: Assets/Scenes/Wall.unity
  artifactKey: Guid(7d780831c00a2e2d2883da3f4ee6b209) Importer(815301076,1909f56bfc062723c751e8b465ee728b)
Start importing Assets/Scenes/Wall.unity using Guid(7d780831c00a2e2d2883da3f4ee6b209) Importer(815301076,1909f56bfc062723c751e8b465ee728b)  -> (artifact id: 'd30bd1765e1b35aab663aaba1108957e') in 0,033532 seconds
  Import took 0,042030 seconds .

========================================================================
Received Import Request.
  Time since last request: 0,000705 seconds.
  path: Assets/Scenes/Wall.unity
  artifactKey: Guid(7d780831c00a2e2d2883da3f4ee6b209) Importer(815301076,1909f56bfc062723c751e8b465ee728b)
Start importing Assets/Scenes/Wall.unity using Guid(7d780831c00a2e2d2883da3f4ee6b209) Importer(815301076,1909f56bfc062723c751e8b465ee728b)  -> (artifact id: 'd30bd1765e1b35aab663aaba1108957e') in 0,003357 seconds
  Import took 0,012856 seconds .

========================================================================
Received Import Request.
  Time since last request: 75,239487 seconds.
  path: Assets/Resources/VR Participant.prefab
  artifactKey: Guid(bb808d0289d00d2ec82e0b710e4cffcd) Importer(815301076,1909f56bfc062723c751e8b465ee728b)
Start importing Assets/Resources/VR Participant.prefab using Guid(bb808d0289d00d2ec82e0b710e4cffcd) Importer(815301076,1909f56bfc062723c751e8b465ee728b)  -> (artifact id: '657c290d6b7a73552e910ce935db93be') in 0,034986 seconds
  Import took 0,043335 seconds .

========================================================================
Received Import Request.
  Time since last request: 0,002403 seconds.
  path: Assets/Resources/VR Participant.prefab
  artifactKey: Guid(bb808d0289d00d2ec82e0b710e4cffcd) Importer(815301076,1909f56bfc062723c751e8b465ee728b)
Start importing Assets/Resources/VR Participant.prefab using Guid(bb808d0289d00d2ec82e0b710e4cffcd) Importer(815301076,1909f56bfc062723c751e8b465ee728b)  -> (artifact id: '657c290d6b7a73552e910ce935db93be') in 0,006976 seconds
  Import took 0,015708 seconds .

========================================================================
Received Import Request.
  Time since last request: 6,281028 seconds.
  path: Assets/Resources/VR Participant.prefab
  artifactKey: Guid(bb808d0289d00d2ec82e0b710e4cffcd) Importer(815301076,1909f56bfc062723c751e8b465ee728b)
Start importing Assets/Resources/VR Participant.prefab using Guid(bb808d0289d00d2ec82e0b710e4cffcd) Importer(815301076,1909f56bfc062723c751e8b465ee728b)  -> (artifact id: '961a5058504ea071cb07b1e9fbdc1920') in 0,009483 seconds
  Import took 0,017170 seconds .

========================================================================
Received Prepare
Registering precompiled user dll's ...
Registered in 0,007621 seconds.
Begin MonoManager ReloadAssembly
Native extension for LinuxStandalone target not found
Native extension for WindowsStandalone target not found
Refreshing native plugins compatible for Editor in 1,49 ms, found 0 plugins.
Preloading 0 native plugins for Editor in 0,00 ms.
Mono: successfully reloaded assembly
- Completed reload, in  1,838 seconds
Platform modules already initialized, skipping
Refreshing native plugins compatible for Editor in 1,36 ms, found 0 plugins.
Preloading 0 native plugins for Editor in 0,00 ms.
Unloading 2468 Unused Serialized files (Serialized files now loaded: 0)
System memory in use before: 105,7 MB.
System memory in use after: 105,8 MB.

Unloading 28 unused Assets to reduce memory usage. Loaded Objects now: 2944.
Total: 7,426943 ms (FindLiveObjects: 0,842324 ms CreateObjectMapping: 0,138566 ms MarkObjects: 5,997458 ms  DeleteObjects: 0,443910 ms)

========================================================================
Received Import Request.
  Time since last request: 20,183514 seconds.
  path: Assets/Resources/VR Participant.prefab
  artifactKey: Guid(bb808d0289d00d2ec82e0b710e4cffcd) Importer(815301076,1909f56bfc062723c751e8b465ee728b)
Start importing Assets/Resources/VR Participant.prefab using Guid(bb808d0289d00d2ec82e0b710e4cffcd) Importer(815301076,1909f56bfc062723c751e8b465ee728b)  -> (artifact id: 'd7e1aa78fae271225d6306f66e134fc8') in 0,051254 seconds
  Import took 0,058735 seconds .

========================================================================
Received Import Request.
  Time since last request: 14,868145 seconds.
  path: Assets/Resources/Wall Participant.prefab
  artifactKey: Guid(534d7ea80c29878559764aad452e4d86) Importer(815301076,1909f56bfc062723c751e8b465ee728b)
Start importing Assets/Resources/Wall Participant.prefab using Guid(534d7ea80c29878559764aad452e4d86) Importer(815301076,1909f56bfc062723c751e8b465ee728b)  -> (artifact id: '530b41618d411630ffe8ad4f8694f27b') in 0,006120 seconds
  Import took 0,016303 seconds .

========================================================================
Received Import Request.
  Time since last request: 6,302325 seconds.
  path: Assets/Resources/Wall Participant.prefab
  artifactKey: Guid(534d7ea80c29878559764aad452e4d86) Importer(815301076,1909f56bfc062723c751e8b465ee728b)
Start importing Assets/Resources/Wall Participant.prefab using Guid(534d7ea80c29878559764aad452e4d86) Importer(815301076,1909f56bfc062723c751e8b465ee728b)  -> (artifact id: '8f82ab857d6348ab7ef675245fb4a73e') in 0,006605 seconds
  Import took 0,014725 seconds .

========================================================================
Received Import Request.
  Time since last request: 4,860345 seconds.
  path: Assets/Resources/Wall Participant.prefab
  artifactKey: Guid(534d7ea80c29878559764aad452e4d86) Importer(815301076,1909f56bfc062723c751e8b465ee728b)
Start importing Assets/Resources/Wall Participant.prefab using Guid(534d7ea80c29878559764aad452e4d86) Importer(815301076,1909f56bfc062723c751e8b465ee728b)  -> (artifact id: 'e0175bfd9092e6e493464d4e93fa5c50') in 0,005469 seconds
  Import took 0,013832 seconds .

========================================================================
Received Import Request.
  Time since last request: 25,411776 seconds.
  path: Assets/Scenes/VR.unity
  artifactKey: Guid(749da597b2d372879ae481a4bf1abe9b) Importer(815301076,1909f56bfc062723c751e8b465ee728b)
Start importing Assets/Scenes/VR.unity using Guid(749da597b2d372879ae481a4bf1abe9b) Importer(815301076,1909f56bfc062723c751e8b465ee728b)  -> (artifact id: '4654cbae1d2511ddb4f67c72ba113172') in 0,002405 seconds
  Import took 0,068796 seconds .

========================================================================
Received Import Request.
  Time since last request: 76,500441 seconds.
  path: Assets/Materials
  artifactKey: Guid(1d563ef80edbca86e9559e1737448730) Importer(815301076,1909f56bfc062723c751e8b465ee728b)
Start importing Assets/Materials using Guid(1d563ef80edbca86e9559e1737448730) Importer(815301076,1909f56bfc062723c751e8b465ee728b)  -> (artifact id: 'b518858629ef6e7488f071207d8a67f0') in 0,002938 seconds
  Import took 0,010819 seconds .

========================================================================
Received Import Request.
  Time since last request: 9,555098 seconds.
  path: Assets/Materials/M_Ray.mat
  artifactKey: Guid(af6882df4c84cfb9f967f047dbee6ef6) Importer(815301076,1909f56bfc062723c751e8b465ee728b)
Start importing Assets/Materials/M_Ray.mat using Guid(af6882df4c84cfb9f967f047dbee6ef6) Importer(815301076,1909f56bfc062723c751e8b465ee728b)  -> (artifact id: '7b1a4b120d1db00a97df74f8aa65f368') in 0,133946 seconds
  Import took 0,142089 seconds .

========================================================================
Received Import Request.
  Time since last request: 50,145341 seconds.
  path: Assets/Resources/Controller.prefab
  artifactKey: Guid(33a3a48292072ab0a83fb7c46761991d) Importer(815301076,1909f56bfc062723c751e8b465ee728b)
Start importing Assets/Resources/Controller.prefab using Guid(33a3a48292072ab0a83fb7c46761991d) Importer(815301076,1909f56bfc062723c751e8b465ee728b)  -> (artifact id: '43a190b5b42c047d0e4e1c98ba0ff266') in 0,006473 seconds
  Import took 0,015688 seconds .

========================================================================
Received Import Request.
  Time since last request: 9,642114 seconds.
  path: Assets/Resources/ControllerGO.prefab
  artifactKey: Guid(33a3a48292072ab0a83fb7c46761991d) Importer(815301076,1909f56bfc062723c751e8b465ee728b)
Start importing Assets/Resources/ControllerGO.prefab using Guid(33a3a48292072ab0a83fb7c46761991d) Importer(815301076,1909f56bfc062723c751e8b465ee728b)  -> (artifact id: 'f7cb56c50e0cda65e62282675733e1bd') in 0,065431 seconds
  Import took 0,076407 seconds .

========================================================================
Received Import Request.
  Time since last request: 74,623677 seconds.
  path: Assets/Resources/ControllerGO.prefab
  artifactKey: Guid(33a3a48292072ab0a83fb7c46761991d) Importer(815301076,1909f56bfc062723c751e8b465ee728b)
Start importing Assets/Resources/ControllerGO.prefab using Guid(33a3a48292072ab0a83fb7c46761991d) Importer(815301076,1909f56bfc062723c751e8b465ee728b)  -> (artifact id: '7a7c3230305b3edd09f1bee7fc1c20da') in 0,038460 seconds
  Import took 0,047715 seconds .

========================================================================
Received Import Request.
  Time since last request: 5,250563 seconds.
  path: Assets/Resources/ControllerGO.prefab
  artifactKey: Guid(33a3a48292072ab0a83fb7c46761991d) Importer(815301076,1909f56bfc062723c751e8b465ee728b)
Start importing Assets/Resources/ControllerGO.prefab using Guid(33a3a48292072ab0a83fb7c46761991d) Importer(815301076,1909f56bfc062723c751e8b465ee728b)  -> (artifact id: '256325e60ef82c4a9c8a02f5f0de4985') in 0,016395 seconds
  Import took 0,028535 seconds .

========================================================================
Received Import Request.
  Time since last request: 8,347217 seconds.
  path: Assets/Resources/ControllerGO.prefab
  artifactKey: Guid(33a3a48292072ab0a83fb7c46761991d) Importer(815301076,1909f56bfc062723c751e8b465ee728b)
Start importing Assets/Resources/ControllerGO.prefab using Guid(33a3a48292072ab0a83fb7c46761991d) Importer(815301076,1909f56bfc062723c751e8b465ee728b)  -> (artifact id: '45c4b937d8784a18247d77b58f96498a') in 0,017652 seconds
  Import took 0,105337 seconds .

========================================================================
Received Import Request.
  Time since last request: 3,069000 seconds.
  path: Assets/Resources/ControllerGO.prefab
  artifactKey: Guid(33a3a48292072ab0a83fb7c46761991d) Importer(815301076,1909f56bfc062723c751e8b465ee728b)
Start importing Assets/Resources/ControllerGO.prefab using Guid(33a3a48292072ab0a83fb7c46761991d) Importer(815301076,1909f56bfc062723c751e8b465ee728b)  -> (artifact id: '71e8471d28b6d77d43903d02f9bb2ad5') in 0,112614 seconds
  Import took 0,121401 seconds .

========================================================================
Received Import Request.
  Time since last request: 6,034983 seconds.
  path: Assets/Resources/ControllerGO.prefab
  artifactKey: Guid(33a3a48292072ab0a83fb7c46761991d) Importer(815301076,1909f56bfc062723c751e8b465ee728b)
Start importing Assets/Resources/ControllerGO.prefab using Guid(33a3a48292072ab0a83fb7c46761991d) Importer(815301076,1909f56bfc062723c751e8b465ee728b)  -> (artifact id: 'b63bbaee27363917ee1f231ca587cbea') in 0,016087 seconds
  Import took 0,109106 seconds .

========================================================================
Received Import Request.
  Time since last request: 2,796865 seconds.
  path: Assets/Resources/ControllerGO.prefab
  artifactKey: Guid(33a3a48292072ab0a83fb7c46761991d) Importer(815301076,1909f56bfc062723c751e8b465ee728b)
Start importing Assets/Resources/ControllerGO.prefab using Guid(33a3a48292072ab0a83fb7c46761991d) Importer(815301076,1909f56bfc062723c751e8b465ee728b)  -> (artifact id: '5c64f1454e9aa7455e059dcc4aa02bc0') in 0,103386 seconds
  Import took 0,111505 seconds .

========================================================================
Received Import Request.
  Time since last request: 8,807899 seconds.
  path: Assets/Resources/ControllerGO.prefab
  artifactKey: Guid(33a3a48292072ab0a83fb7c46761991d) Importer(815301076,1909f56bfc062723c751e8b465ee728b)
Start importing Assets/Resources/ControllerGO.prefab using Guid(33a3a48292072ab0a83fb7c46761991d) Importer(815301076,1909f56bfc062723c751e8b465ee728b)  -> (artifact id: '9b81714579e10fb09eea9ec818b75789') in 0,025332 seconds
  Import took 0,116161 seconds .

========================================================================
Received Import Request.
  Time since last request: 15,262380 seconds.
  path: Assets/Resources/ControllerGO.prefab
  artifactKey: Guid(33a3a48292072ab0a83fb7c46761991d) Importer(815301076,1909f56bfc062723c751e8b465ee728b)
Start importing Assets/Resources/ControllerGO.prefab using Guid(33a3a48292072ab0a83fb7c46761991d) Importer(815301076,1909f56bfc062723c751e8b465ee728b)  -> (artifact id: '609eceb645a6b7149e840dace7fb76e3') in 0,098620 seconds
  Import took 0,108718 seconds .

========================================================================
Received Import Request.
  Time since last request: 12,821555 seconds.
  path: Assets/Materials/M_Ctrl.mat
  artifactKey: Guid(2baf0fc78674105feb366fbea3a46c33) Importer(815301076,1909f56bfc062723c751e8b465ee728b)
Start importing Assets/Materials/M_Ctrl.mat using Guid(2baf0fc78674105feb366fbea3a46c33) Importer(815301076,1909f56bfc062723c751e8b465ee728b)  -> (artifact id: '9b64d71ac2e10a9a3c6cf38ff0ad3e64') in 0,062891 seconds
  Import took 0,071275 seconds .

========================================================================
Received Import Request.
  Time since last request: 26,914920 seconds.
  path: Assets/Materials/M_Ctrl.mat
  artifactKey: Guid(2baf0fc78674105feb366fbea3a46c33) Importer(815301076,1909f56bfc062723c751e8b465ee728b)
Start importing Assets/Materials/M_Ctrl.mat using Guid(2baf0fc78674105feb366fbea3a46c33) Importer(815301076,1909f56bfc062723c751e8b465ee728b)  -> (artifact id: '1bd333ffe40b25d9881b529cc54de21d') in 0,016964 seconds
  Import took 0,027025 seconds .

========================================================================
Received Import Request.
  Time since last request: 0,000665 seconds.
  path: Assets/Materials/M_Ray.mat
  artifactKey: Guid(af6882df4c84cfb9f967f047dbee6ef6) Importer(815301076,1909f56bfc062723c751e8b465ee728b)
Start importing Assets/Materials/M_Ray.mat using Guid(af6882df4c84cfb9f967f047dbee6ef6) Importer(815301076,1909f56bfc062723c751e8b465ee728b)  -> (artifact id: '8c99c1f5aade32836e75b05352bd4c78') in 0,025931 seconds
  Import took 0,038271 seconds .

========================================================================
Received Import Request.
  Time since last request: 166,437823 seconds.
  path: Assets/Resources/ControllerGO.prefab
  artifactKey: Guid(33a3a48292072ab0a83fb7c46761991d) Importer(815301076,1909f56bfc062723c751e8b465ee728b)
Start importing Assets/Resources/ControllerGO.prefab using Guid(33a3a48292072ab0a83fb7c46761991d) Importer(815301076,1909f56bfc062723c751e8b465ee728b)  -> (artifact id: '5bb6b34d1485fd173692c8e8445c7e69') in 0,057348 seconds
  Import took 0,068257 seconds .

========================================================================
Received Import Request.
  Time since last request: 0,006785 seconds.
  path: Assets/Resources/ControllerGO.prefab
  artifactKey: Guid(33a3a48292072ab0a83fb7c46761991d) Importer(815301076,1909f56bfc062723c751e8b465ee728b)
Start importing Assets/Resources/ControllerGO.prefab using Guid(33a3a48292072ab0a83fb7c46761991d) Importer(815301076,1909f56bfc062723c751e8b465ee728b)  -> (artifact id: '5bb6b34d1485fd173692c8e8445c7e69') in 0,015154 seconds
  Import took 0,024319 seconds .

AssetImportWorkerClient::OnTransportError - code=2 error=End of file
